SearchBayesianSkopt: Config 0 Exception. Config: {'topK': 514, 'alpha': 1.7403308480746114, 'normalize_similarity': False} - Exception: Traceback (most recent call last):
  File "/Users/tangtang.zhou/Documents/GitHubProjects/recsys_2019/course_lib/ParameterTuning/SearchAbstractClass.py", line 335, in _objective_function
    current_fit_parameters_dict)
  File "/Users/tangtang.zhou/Documents/GitHubProjects/recsys_2019/course_lib/ParameterTuning/SearchAbstractClass.py", line 237, in _evaluate_on_validation
    recommender_instance, train_time = self._fit_model(current_fit_parameters)
  File "/Users/tangtang.zhou/Documents/GitHubProjects/recsys_2019/course_lib/ParameterTuning/SearchAbstractClass.py", line 229, in _fit_model
    **current_fit_parameters)
TypeError: fit() got an unexpected keyword argument 'alpha'

SearchBayesianSkopt: Config 1 Exception. Config: {'topK': 917, 'alpha': 0.1847299376325842, 'normalize_similarity': True} - Exception: Traceback (most recent call last):
  File "/Users/tangtang.zhou/Documents/GitHubProjects/recsys_2019/course_lib/ParameterTuning/SearchAbstractClass.py", line 335, in _objective_function
    current_fit_parameters_dict)
  File "/Users/tangtang.zhou/Documents/GitHubProjects/recsys_2019/course_lib/ParameterTuning/SearchAbstractClass.py", line 237, in _evaluate_on_validation
    recommender_instance, train_time = self._fit_model(current_fit_parameters)
  File "/Users/tangtang.zhou/Documents/GitHubProjects/recsys_2019/course_lib/ParameterTuning/SearchAbstractClass.py", line 229, in _fit_model
    **current_fit_parameters)
TypeError: fit() got an unexpected keyword argument 'alpha'

SearchBayesianSkopt: Config 2 Exception. Config: {'topK': 923, 'alpha': 0.6048096445462329, 'normalize_similarity': True} - Exception: Traceback (most recent call last):
  File "/Users/tangtang.zhou/Documents/GitHubProjects/recsys_2019/course_lib/ParameterTuning/SearchAbstractClass.py", line 335, in _objective_function
    current_fit_parameters_dict)
  File "/Users/tangtang.zhou/Documents/GitHubProjects/recsys_2019/course_lib/ParameterTuning/SearchAbstractClass.py", line 237, in _evaluate_on_validation
    recommender_instance, train_time = self._fit_model(current_fit_parameters)
  File "/Users/tangtang.zhou/Documents/GitHubProjects/recsys_2019/course_lib/ParameterTuning/SearchAbstractClass.py", line 229, in _fit_model
    **current_fit_parameters)
TypeError: fit() got an unexpected keyword argument 'alpha'

SearchBayesianSkopt: Config 3 Exception. Config: {'topK': 600, 'alpha': 0.5519751819507664, 'normalize_similarity': True} - Exception: Traceback (most recent call last):
  File "/Users/tangtang.zhou/Documents/GitHubProjects/recsys_2019/course_lib/ParameterTuning/SearchAbstractClass.py", line 335, in _objective_function
    current_fit_parameters_dict)
  File "/Users/tangtang.zhou/Documents/GitHubProjects/recsys_2019/course_lib/ParameterTuning/SearchAbstractClass.py", line 237, in _evaluate_on_validation
    recommender_instance, train_time = self._fit_model(current_fit_parameters)
  File "/Users/tangtang.zhou/Documents/GitHubProjects/recsys_2019/course_lib/ParameterTuning/SearchAbstractClass.py", line 229, in _fit_model
    **current_fit_parameters)
TypeError: fit() got an unexpected keyword argument 'alpha'

SearchBayesianSkopt: Config 4 Exception. Config: {'topK': 904, 'alpha': 0.18847313173804353, 'normalize_similarity': False} - Exception: Traceback (most recent call last):
  File "/Users/tangtang.zhou/Documents/GitHubProjects/recsys_2019/course_lib/ParameterTuning/SearchAbstractClass.py", line 335, in _objective_function
    current_fit_parameters_dict)
  File "/Users/tangtang.zhou/Documents/GitHubProjects/recsys_2019/course_lib/ParameterTuning/SearchAbstractClass.py", line 237, in _evaluate_on_validation
    recommender_instance, train_time = self._fit_model(current_fit_parameters)
  File "/Users/tangtang.zhou/Documents/GitHubProjects/recsys_2019/course_lib/ParameterTuning/SearchAbstractClass.py", line 229, in _fit_model
    **current_fit_parameters)
TypeError: fit() got an unexpected keyword argument 'alpha'

SearchBayesianSkopt: Config 5 Exception. Config: {'topK': 217, 'alpha': 0.49011724466516327, 'normalize_similarity': False} - Exception: Traceback (most recent call last):
  File "/Users/tangtang.zhou/Documents/GitHubProjects/recsys_2019/course_lib/ParameterTuning/SearchAbstractClass.py", line 335, in _objective_function
    current_fit_parameters_dict)
  File "/Users/tangtang.zhou/Documents/GitHubProjects/recsys_2019/course_lib/ParameterTuning/SearchAbstractClass.py", line 237, in _evaluate_on_validation
    recommender_instance, train_time = self._fit_model(current_fit_parameters)
  File "/Users/tangtang.zhou/Documents/GitHubProjects/recsys_2019/course_lib/ParameterTuning/SearchAbstractClass.py", line 229, in _fit_model
    **current_fit_parameters)
TypeError: fit() got an unexpected keyword argument 'alpha'

SearchBayesianSkopt: Config 6 Exception. Config: {'topK': 75, 'alpha': 1.6294852142740432, 'normalize_similarity': True} - Exception: Traceback (most recent call last):
  File "/Users/tangtang.zhou/Documents/GitHubProjects/recsys_2019/course_lib/ParameterTuning/SearchAbstractClass.py", line 335, in _objective_function
    current_fit_parameters_dict)
  File "/Users/tangtang.zhou/Documents/GitHubProjects/recsys_2019/course_lib/ParameterTuning/SearchAbstractClass.py", line 237, in _evaluate_on_validation
    recommender_instance, train_time = self._fit_model(current_fit_parameters)
  File "/Users/tangtang.zhou/Documents/GitHubProjects/recsys_2019/course_lib/ParameterTuning/SearchAbstractClass.py", line 229, in _fit_model
    **current_fit_parameters)
TypeError: fit() got an unexpected keyword argument 'alpha'

SearchBayesianSkopt: Config 7 Exception. Config: {'topK': 720, 'alpha': 0.8168514792154407, 'normalize_similarity': False} - Exception: Traceback (most recent call last):
  File "/Users/tangtang.zhou/Documents/GitHubProjects/recsys_2019/course_lib/ParameterTuning/SearchAbstractClass.py", line 335, in _objective_function
    current_fit_parameters_dict)
  File "/Users/tangtang.zhou/Documents/GitHubProjects/recsys_2019/course_lib/ParameterTuning/SearchAbstractClass.py", line 237, in _evaluate_on_validation
    recommender_instance, train_time = self._fit_model(current_fit_parameters)
  File "/Users/tangtang.zhou/Documents/GitHubProjects/recsys_2019/course_lib/ParameterTuning/SearchAbstractClass.py", line 229, in _fit_model
    **current_fit_parameters)
TypeError: fit() got an unexpected keyword argument 'alpha'

SearchBayesianSkopt: Config 8 Exception. Config: {'topK': 729, 'alpha': 0.26502012357060895, 'normalize_similarity': True} - Exception: Traceback (most recent call last):
  File "/Users/tangtang.zhou/Documents/GitHubProjects/recsys_2019/course_lib/ParameterTuning/SearchAbstractClass.py", line 335, in _objective_function
    current_fit_parameters_dict)
  File "/Users/tangtang.zhou/Documents/GitHubProjects/recsys_2019/course_lib/ParameterTuning/SearchAbstractClass.py", line 237, in _evaluate_on_validation
    recommender_instance, train_time = self._fit_model(current_fit_parameters)
  File "/Users/tangtang.zhou/Documents/GitHubProjects/recsys_2019/course_lib/ParameterTuning/SearchAbstractClass.py", line 229, in _fit_model
    **current_fit_parameters)
TypeError: fit() got an unexpected keyword argument 'alpha'

SearchBayesianSkopt: Config 9 Exception. Config: {'topK': 459, 'alpha': 1.9224397929182067, 'normalize_similarity': False} - Exception: Traceback (most recent call last):
  File "/Users/tangtang.zhou/Documents/GitHubProjects/recsys_2019/course_lib/ParameterTuning/SearchAbstractClass.py", line 335, in _objective_function
    current_fit_parameters_dict)
  File "/Users/tangtang.zhou/Documents/GitHubProjects/recsys_2019/course_lib/ParameterTuning/SearchAbstractClass.py", line 237, in _evaluate_on_validation
    recommender_instance, train_time = self._fit_model(current_fit_parameters)
  File "/Users/tangtang.zhou/Documents/GitHubProjects/recsys_2019/course_lib/ParameterTuning/SearchAbstractClass.py", line 229, in _fit_model
    **current_fit_parameters)
TypeError: fit() got an unexpected keyword argument 'alpha'

SearchBayesianSkopt: Config 10 Exception. Config: {'topK': 505, 'alpha': 0.32395758815937487, 'normalize_similarity': True} - Exception: Traceback (most recent call last):
  File "/Users/tangtang.zhou/Documents/GitHubProjects/recsys_2019/course_lib/ParameterTuning/SearchAbstractClass.py", line 335, in _objective_function
    current_fit_parameters_dict)
  File "/Users/tangtang.zhou/Documents/GitHubProjects/recsys_2019/course_lib/ParameterTuning/SearchAbstractClass.py", line 237, in _evaluate_on_validation
    recommender_instance, train_time = self._fit_model(current_fit_parameters)
  File "/Users/tangtang.zhou/Documents/GitHubProjects/recsys_2019/course_lib/ParameterTuning/SearchAbstractClass.py", line 229, in _fit_model
    **current_fit_parameters)
TypeError: fit() got an unexpected keyword argument 'alpha'

SearchBayesianSkopt: Config 11 Exception. Config: {'topK': 461, 'alpha': 1.1689312272917973, 'normalize_similarity': False} - Exception: Traceback (most recent call last):
  File "/Users/tangtang.zhou/Documents/GitHubProjects/recsys_2019/course_lib/ParameterTuning/SearchAbstractClass.py", line 335, in _objective_function
    current_fit_parameters_dict)
  File "/Users/tangtang.zhou/Documents/GitHubProjects/recsys_2019/course_lib/ParameterTuning/SearchAbstractClass.py", line 237, in _evaluate_on_validation
    recommender_instance, train_time = self._fit_model(current_fit_parameters)
  File "/Users/tangtang.zhou/Documents/GitHubProjects/recsys_2019/course_lib/ParameterTuning/SearchAbstractClass.py", line 229, in _fit_model
    **current_fit_parameters)
TypeError: fit() got an unexpected keyword argument 'alpha'

SearchBayesianSkopt: Config 12 Exception. Config: {'topK': 185, 'alpha': 0.7445699665418545, 'normalize_similarity': False} - Exception: Traceback (most recent call last):
  File "/Users/tangtang.zhou/Documents/GitHubProjects/recsys_2019/course_lib/ParameterTuning/SearchAbstractClass.py", line 335, in _objective_function
    current_fit_parameters_dict)
  File "/Users/tangtang.zhou/Documents/GitHubProjects/recsys_2019/course_lib/ParameterTuning/SearchAbstractClass.py", line 237, in _evaluate_on_validation
    recommender_instance, train_time = self._fit_model(current_fit_parameters)
  File "/Users/tangtang.zhou/Documents/GitHubProjects/recsys_2019/course_lib/ParameterTuning/SearchAbstractClass.py", line 229, in _fit_model
    **current_fit_parameters)
TypeError: fit() got an unexpected keyword argument 'alpha'

SearchBayesianSkopt: Config 13 Exception. Config: {'topK': 153, 'alpha': 0.09665214452163864, 'normalize_similarity': True} - Exception: Traceback (most recent call last):
  File "/Users/tangtang.zhou/Documents/GitHubProjects/recsys_2019/course_lib/ParameterTuning/SearchAbstractClass.py", line 335, in _objective_function
    current_fit_parameters_dict)
  File "/Users/tangtang.zhou/Documents/GitHubProjects/recsys_2019/course_lib/ParameterTuning/SearchAbstractClass.py", line 237, in _evaluate_on_validation
    recommender_instance, train_time = self._fit_model(current_fit_parameters)
  File "/Users/tangtang.zhou/Documents/GitHubProjects/recsys_2019/course_lib/ParameterTuning/SearchAbstractClass.py", line 229, in _fit_model
    **current_fit_parameters)
TypeError: fit() got an unexpected keyword argument 'alpha'

SearchBayesianSkopt: Config 14 Exception. Config: {'topK': 666, 'alpha': 0.16612620295636774, 'normalize_similarity': False} - Exception: Traceback (most recent call last):
  File "/Users/tangtang.zhou/Documents/GitHubProjects/recsys_2019/course_lib/ParameterTuning/SearchAbstractClass.py", line 335, in _objective_function
    current_fit_parameters_dict)
  File "/Users/tangtang.zhou/Documents/GitHubProjects/recsys_2019/course_lib/ParameterTuning/SearchAbstractClass.py", line 237, in _evaluate_on_validation
    recommender_instance, train_time = self._fit_model(current_fit_parameters)
  File "/Users/tangtang.zhou/Documents/GitHubProjects/recsys_2019/course_lib/ParameterTuning/SearchAbstractClass.py", line 229, in _fit_model
    **current_fit_parameters)
TypeError: fit() got an unexpected keyword argument 'alpha'

SearchBayesianSkopt: Config 15 Exception. Config: {'topK': 599, 'alpha': 0.33486228324716244, 'normalize_similarity': True} - Exception: Traceback (most recent call last):
  File "/Users/tangtang.zhou/Documents/GitHubProjects/recsys_2019/course_lib/ParameterTuning/SearchAbstractClass.py", line 335, in _objective_function
    current_fit_parameters_dict)
  File "/Users/tangtang.zhou/Documents/GitHubProjects/recsys_2019/course_lib/ParameterTuning/SearchAbstractClass.py", line 237, in _evaluate_on_validation
    recommender_instance, train_time = self._fit_model(current_fit_parameters)
  File "/Users/tangtang.zhou/Documents/GitHubProjects/recsys_2019/course_lib/ParameterTuning/SearchAbstractClass.py", line 229, in _fit_model
    **current_fit_parameters)
TypeError: fit() got an unexpected keyword argument 'alpha'

SearchBayesianSkopt: Config 16 Exception. Config: {'topK': 596, 'alpha': 0.4179980668012172, 'normalize_similarity': True} - Exception: Traceback (most recent call last):
  File "/Users/tangtang.zhou/Documents/GitHubProjects/recsys_2019/course_lib/ParameterTuning/SearchAbstractClass.py", line 335, in _objective_function
    current_fit_parameters_dict)
  File "/Users/tangtang.zhou/Documents/GitHubProjects/recsys_2019/course_lib/ParameterTuning/SearchAbstractClass.py", line 237, in _evaluate_on_validation
    recommender_instance, train_time = self._fit_model(current_fit_parameters)
  File "/Users/tangtang.zhou/Documents/GitHubProjects/recsys_2019/course_lib/ParameterTuning/SearchAbstractClass.py", line 229, in _fit_model
    **current_fit_parameters)
TypeError: fit() got an unexpected keyword argument 'alpha'

SearchBayesianSkopt: Config 17 Exception. Config: {'topK': 131, 'alpha': 0.6010903295029463, 'normalize_similarity': False} - Exception: Traceback (most recent call last):
  File "/Users/tangtang.zhou/Documents/GitHubProjects/recsys_2019/course_lib/ParameterTuning/SearchAbstractClass.py", line 335, in _objective_function
    current_fit_parameters_dict)
  File "/Users/tangtang.zhou/Documents/GitHubProjects/recsys_2019/course_lib/ParameterTuning/SearchAbstractClass.py", line 237, in _evaluate_on_validation
    recommender_instance, train_time = self._fit_model(current_fit_parameters)
  File "/Users/tangtang.zhou/Documents/GitHubProjects/recsys_2019/course_lib/ParameterTuning/SearchAbstractClass.py", line 229, in _fit_model
    **current_fit_parameters)
TypeError: fit() got an unexpected keyword argument 'alpha'

SearchBayesianSkopt: Config 18 Exception. Config: {'topK': 37, 'alpha': 0.25695770091882936, 'normalize_similarity': False} - Exception: Traceback (most recent call last):
  File "/Users/tangtang.zhou/Documents/GitHubProjects/recsys_2019/course_lib/ParameterTuning/SearchAbstractClass.py", line 335, in _objective_function
    current_fit_parameters_dict)
  File "/Users/tangtang.zhou/Documents/GitHubProjects/recsys_2019/course_lib/ParameterTuning/SearchAbstractClass.py", line 237, in _evaluate_on_validation
    recommender_instance, train_time = self._fit_model(current_fit_parameters)
  File "/Users/tangtang.zhou/Documents/GitHubProjects/recsys_2019/course_lib/ParameterTuning/SearchAbstractClass.py", line 229, in _fit_model
    **current_fit_parameters)
TypeError: fit() got an unexpected keyword argument 'alpha'

SearchBayesianSkopt: Config 19 Exception. Config: {'topK': 152, 'alpha': 0.3510772145525794, 'normalize_similarity': True} - Exception: Traceback (most recent call last):
  File "/Users/tangtang.zhou/Documents/GitHubProjects/recsys_2019/course_lib/ParameterTuning/SearchAbstractClass.py", line 335, in _objective_function
    current_fit_parameters_dict)
  File "/Users/tangtang.zhou/Documents/GitHubProjects/recsys_2019/course_lib/ParameterTuning/SearchAbstractClass.py", line 237, in _evaluate_on_validation
    recommender_instance, train_time = self._fit_model(current_fit_parameters)
  File "/Users/tangtang.zhou/Documents/GitHubProjects/recsys_2019/course_lib/ParameterTuning/SearchAbstractClass.py", line 229, in _fit_model
    **current_fit_parameters)
TypeError: fit() got an unexpected keyword argument 'alpha'

SearchBayesianSkopt: Config 20 Exception. Config: {'topK': 241, 'alpha': 0.2154014337702886, 'normalize_similarity': False} - Exception: Traceback (most recent call last):
  File "/Users/tangtang.zhou/Documents/GitHubProjects/recsys_2019/course_lib/ParameterTuning/SearchAbstractClass.py", line 335, in _objective_function
    current_fit_parameters_dict)
  File "/Users/tangtang.zhou/Documents/GitHubProjects/recsys_2019/course_lib/ParameterTuning/SearchAbstractClass.py", line 237, in _evaluate_on_validation
    recommender_instance, train_time = self._fit_model(current_fit_parameters)
  File "/Users/tangtang.zhou/Documents/GitHubProjects/recsys_2019/course_lib/ParameterTuning/SearchAbstractClass.py", line 229, in _fit_model
    **current_fit_parameters)
TypeError: fit() got an unexpected keyword argument 'alpha'

SearchBayesianSkopt: Config 21 Exception. Config: {'topK': 529, 'alpha': 0.7481297710481952, 'normalize_similarity': True} - Exception: Traceback (most recent call last):
  File "/Users/tangtang.zhou/Documents/GitHubProjects/recsys_2019/course_lib/ParameterTuning/SearchAbstractClass.py", line 335, in _objective_function
    current_fit_parameters_dict)
  File "/Users/tangtang.zhou/Documents/GitHubProjects/recsys_2019/course_lib/ParameterTuning/SearchAbstractClass.py", line 237, in _evaluate_on_validation
    recommender_instance, train_time = self._fit_model(current_fit_parameters)
  File "/Users/tangtang.zhou/Documents/GitHubProjects/recsys_2019/course_lib/ParameterTuning/SearchAbstractClass.py", line 229, in _fit_model
    **current_fit_parameters)
TypeError: fit() got an unexpected keyword argument 'alpha'

SearchBayesianSkopt: Config 22 Exception. Config: {'topK': 873, 'alpha': 0.9455081121562885, 'normalize_similarity': False} - Exception: Traceback (most recent call last):
  File "/Users/tangtang.zhou/Documents/GitHubProjects/recsys_2019/course_lib/ParameterTuning/SearchAbstractClass.py", line 335, in _objective_function
    current_fit_parameters_dict)
  File "/Users/tangtang.zhou/Documents/GitHubProjects/recsys_2019/course_lib/ParameterTuning/SearchAbstractClass.py", line 237, in _evaluate_on_validation
    recommender_instance, train_time = self._fit_model(current_fit_parameters)
  File "/Users/tangtang.zhou/Documents/GitHubProjects/recsys_2019/course_lib/ParameterTuning/SearchAbstractClass.py", line 229, in _fit_model
    **current_fit_parameters)
TypeError: fit() got an unexpected keyword argument 'alpha'

SearchBayesianSkopt: Config 23 Exception. Config: {'topK': 840, 'alpha': 1.716863228735435, 'normalize_similarity': False} - Exception: Traceback (most recent call last):
  File "/Users/tangtang.zhou/Documents/GitHubProjects/recsys_2019/course_lib/ParameterTuning/SearchAbstractClass.py", line 335, in _objective_function
    current_fit_parameters_dict)
  File "/Users/tangtang.zhou/Documents/GitHubProjects/recsys_2019/course_lib/ParameterTuning/SearchAbstractClass.py", line 237, in _evaluate_on_validation
    recommender_instance, train_time = self._fit_model(current_fit_parameters)
  File "/Users/tangtang.zhou/Documents/GitHubProjects/recsys_2019/course_lib/ParameterTuning/SearchAbstractClass.py", line 229, in _fit_model
    **current_fit_parameters)
TypeError: fit() got an unexpected keyword argument 'alpha'

SearchBayesianSkopt: Config 24 Exception. Config: {'topK': 152, 'alpha': 0.7799183803165539, 'normalize_similarity': False} - Exception: Traceback (most recent call last):
  File "/Users/tangtang.zhou/Documents/GitHubProjects/recsys_2019/course_lib/ParameterTuning/SearchAbstractClass.py", line 335, in _objective_function
    current_fit_parameters_dict)
  File "/Users/tangtang.zhou/Documents/GitHubProjects/recsys_2019/course_lib/ParameterTuning/SearchAbstractClass.py", line 237, in _evaluate_on_validation
    recommender_instance, train_time = self._fit_model(current_fit_parameters)
  File "/Users/tangtang.zhou/Documents/GitHubProjects/recsys_2019/course_lib/ParameterTuning/SearchAbstractClass.py", line 229, in _fit_model
    **current_fit_parameters)
TypeError: fit() got an unexpected keyword argument 'alpha'

SearchBayesianSkopt: Config 25 Exception. Config: {'topK': 287, 'alpha': 1.1011884960159606, 'normalize_similarity': False} - Exception: Traceback (most recent call last):
  File "/Users/tangtang.zhou/Documents/GitHubProjects/recsys_2019/course_lib/ParameterTuning/SearchAbstractClass.py", line 335, in _objective_function
    current_fit_parameters_dict)
  File "/Users/tangtang.zhou/Documents/GitHubProjects/recsys_2019/course_lib/ParameterTuning/SearchAbstractClass.py", line 237, in _evaluate_on_validation
    recommender_instance, train_time = self._fit_model(current_fit_parameters)
  File "/Users/tangtang.zhou/Documents/GitHubProjects/recsys_2019/course_lib/ParameterTuning/SearchAbstractClass.py", line 229, in _fit_model
    **current_fit_parameters)
TypeError: fit() got an unexpected keyword argument 'alpha'

SearchBayesianSkopt: Config 26 Exception. Config: {'topK': 834, 'alpha': 1.17063572138321, 'normalize_similarity': True} - Exception: Traceback (most recent call last):
  File "/Users/tangtang.zhou/Documents/GitHubProjects/recsys_2019/course_lib/ParameterTuning/SearchAbstractClass.py", line 335, in _objective_function
    current_fit_parameters_dict)
  File "/Users/tangtang.zhou/Documents/GitHubProjects/recsys_2019/course_lib/ParameterTuning/SearchAbstractClass.py", line 237, in _evaluate_on_validation
    recommender_instance, train_time = self._fit_model(current_fit_parameters)
  File "/Users/tangtang.zhou/Documents/GitHubProjects/recsys_2019/course_lib/ParameterTuning/SearchAbstractClass.py", line 229, in _fit_model
    **current_fit_parameters)
TypeError: fit() got an unexpected keyword argument 'alpha'

SearchBayesianSkopt: Config 27 Exception. Config: {'topK': 605, 'alpha': 1.356324112803821, 'normalize_similarity': False} - Exception: Traceback (most recent call last):
  File "/Users/tangtang.zhou/Documents/GitHubProjects/recsys_2019/course_lib/ParameterTuning/SearchAbstractClass.py", line 335, in _objective_function
    current_fit_parameters_dict)
  File "/Users/tangtang.zhou/Documents/GitHubProjects/recsys_2019/course_lib/ParameterTuning/SearchAbstractClass.py", line 237, in _evaluate_on_validation
    recommender_instance, train_time = self._fit_model(current_fit_parameters)
  File "/Users/tangtang.zhou/Documents/GitHubProjects/recsys_2019/course_lib/ParameterTuning/SearchAbstractClass.py", line 229, in _fit_model
    **current_fit_parameters)
TypeError: fit() got an unexpected keyword argument 'alpha'

SearchBayesianSkopt: Config 28 Exception. Config: {'topK': 355, 'alpha': 0.28934114467795774, 'normalize_similarity': True} - Exception: Traceback (most recent call last):
  File "/Users/tangtang.zhou/Documents/GitHubProjects/recsys_2019/course_lib/ParameterTuning/SearchAbstractClass.py", line 335, in _objective_function
    current_fit_parameters_dict)
  File "/Users/tangtang.zhou/Documents/GitHubProjects/recsys_2019/course_lib/ParameterTuning/SearchAbstractClass.py", line 237, in _evaluate_on_validation
    recommender_instance, train_time = self._fit_model(current_fit_parameters)
  File "/Users/tangtang.zhou/Documents/GitHubProjects/recsys_2019/course_lib/ParameterTuning/SearchAbstractClass.py", line 229, in _fit_model
    **current_fit_parameters)
TypeError: fit() got an unexpected keyword argument 'alpha'

SearchBayesianSkopt: Config 29 Exception. Config: {'topK': 469, 'alpha': 1.1046455440825884, 'normalize_similarity': False} - Exception: Traceback (most recent call last):
  File "/Users/tangtang.zhou/Documents/GitHubProjects/recsys_2019/course_lib/ParameterTuning/SearchAbstractClass.py", line 335, in _objective_function
    current_fit_parameters_dict)
  File "/Users/tangtang.zhou/Documents/GitHubProjects/recsys_2019/course_lib/ParameterTuning/SearchAbstractClass.py", line 237, in _evaluate_on_validation
    recommender_instance, train_time = self._fit_model(current_fit_parameters)
  File "/Users/tangtang.zhou/Documents/GitHubProjects/recsys_2019/course_lib/ParameterTuning/SearchAbstractClass.py", line 229, in _fit_model
    **current_fit_parameters)
TypeError: fit() got an unexpected keyword argument 'alpha'

SearchBayesianSkopt: Config 30 Exception. Config: {'topK': 723, 'alpha': 0.24230978042540358, 'normalize_similarity': True} - Exception: Traceback (most recent call last):
  File "/Users/tangtang.zhou/Documents/GitHubProjects/recsys_2019/course_lib/ParameterTuning/SearchAbstractClass.py", line 335, in _objective_function
    current_fit_parameters_dict)
  File "/Users/tangtang.zhou/Documents/GitHubProjects/recsys_2019/course_lib/ParameterTuning/SearchAbstractClass.py", line 237, in _evaluate_on_validation
    recommender_instance, train_time = self._fit_model(current_fit_parameters)
  File "/Users/tangtang.zhou/Documents/GitHubProjects/recsys_2019/course_lib/ParameterTuning/SearchAbstractClass.py", line 229, in _fit_model
    **current_fit_parameters)
TypeError: fit() got an unexpected keyword argument 'alpha'

SearchBayesianSkopt: Config 31 Exception. Config: {'topK': 61, 'alpha': 1.895092702730469, 'normalize_similarity': True} - Exception: Traceback (most recent call last):
  File "/Users/tangtang.zhou/Documents/GitHubProjects/recsys_2019/course_lib/ParameterTuning/SearchAbstractClass.py", line 335, in _objective_function
    current_fit_parameters_dict)
  File "/Users/tangtang.zhou/Documents/GitHubProjects/recsys_2019/course_lib/ParameterTuning/SearchAbstractClass.py", line 237, in _evaluate_on_validation
    recommender_instance, train_time = self._fit_model(current_fit_parameters)
  File "/Users/tangtang.zhou/Documents/GitHubProjects/recsys_2019/course_lib/ParameterTuning/SearchAbstractClass.py", line 229, in _fit_model
    **current_fit_parameters)
TypeError: fit() got an unexpected keyword argument 'alpha'

SearchBayesianSkopt: Config 32 Exception. Config: {'topK': 920, 'alpha': 0.049515811505171495, 'normalize_similarity': False} - Exception: Traceback (most recent call last):
  File "/Users/tangtang.zhou/Documents/GitHubProjects/recsys_2019/course_lib/ParameterTuning/SearchAbstractClass.py", line 335, in _objective_function
    current_fit_parameters_dict)
  File "/Users/tangtang.zhou/Documents/GitHubProjects/recsys_2019/course_lib/ParameterTuning/SearchAbstractClass.py", line 237, in _evaluate_on_validation
    recommender_instance, train_time = self._fit_model(current_fit_parameters)
  File "/Users/tangtang.zhou/Documents/GitHubProjects/recsys_2019/course_lib/ParameterTuning/SearchAbstractClass.py", line 229, in _fit_model
    **current_fit_parameters)
TypeError: fit() got an unexpected keyword argument 'alpha'

SearchBayesianSkopt: Config 33 Exception. Config: {'topK': 455, 'alpha': 0.13067388598401466, 'normalize_similarity': True} - Exception: Traceback (most recent call last):
  File "/Users/tangtang.zhou/Documents/GitHubProjects/recsys_2019/course_lib/ParameterTuning/SearchAbstractClass.py", line 335, in _objective_function
    current_fit_parameters_dict)
  File "/Users/tangtang.zhou/Documents/GitHubProjects/recsys_2019/course_lib/ParameterTuning/SearchAbstractClass.py", line 237, in _evaluate_on_validation
    recommender_instance, train_time = self._fit_model(current_fit_parameters)
  File "/Users/tangtang.zhou/Documents/GitHubProjects/recsys_2019/course_lib/ParameterTuning/SearchAbstractClass.py", line 229, in _fit_model
    **current_fit_parameters)
TypeError: fit() got an unexpected keyword argument 'alpha'

SearchBayesianSkopt: Config 34 Exception. Config: {'topK': 732, 'alpha': 1.5441772360572072, 'normalize_similarity': False} - Exception: Traceback (most recent call last):
  File "/Users/tangtang.zhou/Documents/GitHubProjects/recsys_2019/course_lib/ParameterTuning/SearchAbstractClass.py", line 335, in _objective_function
    current_fit_parameters_dict)
  File "/Users/tangtang.zhou/Documents/GitHubProjects/recsys_2019/course_lib/ParameterTuning/SearchAbstractClass.py", line 237, in _evaluate_on_validation
    recommender_instance, train_time = self._fit_model(current_fit_parameters)
  File "/Users/tangtang.zhou/Documents/GitHubProjects/recsys_2019/course_lib/ParameterTuning/SearchAbstractClass.py", line 229, in _fit_model
    **current_fit_parameters)
TypeError: fit() got an unexpected keyword argument 'alpha'

SearchBayesianSkopt: Config 35 Exception. Config: {'topK': 561, 'alpha': 0.5536682512768115, 'normalize_similarity': True} - Exception: Traceback (most recent call last):
  File "/Users/tangtang.zhou/Documents/GitHubProjects/recsys_2019/course_lib/ParameterTuning/SearchAbstractClass.py", line 335, in _objective_function
    current_fit_parameters_dict)
  File "/Users/tangtang.zhou/Documents/GitHubProjects/recsys_2019/course_lib/ParameterTuning/SearchAbstractClass.py", line 237, in _evaluate_on_validation
    recommender_instance, train_time = self._fit_model(current_fit_parameters)
  File "/Users/tangtang.zhou/Documents/GitHubProjects/recsys_2019/course_lib/ParameterTuning/SearchAbstractClass.py", line 229, in _fit_model
    **current_fit_parameters)
TypeError: fit() got an unexpected keyword argument 'alpha'

SearchBayesianSkopt: Config 36 Exception. Config: {'topK': 931, 'alpha': 1.5387716140859677, 'normalize_similarity': True} - Exception: Traceback (most recent call last):
  File "/Users/tangtang.zhou/Documents/GitHubProjects/recsys_2019/course_lib/ParameterTuning/SearchAbstractClass.py", line 335, in _objective_function
    current_fit_parameters_dict)
  File "/Users/tangtang.zhou/Documents/GitHubProjects/recsys_2019/course_lib/ParameterTuning/SearchAbstractClass.py", line 237, in _evaluate_on_validation
    recommender_instance, train_time = self._fit_model(current_fit_parameters)
  File "/Users/tangtang.zhou/Documents/GitHubProjects/recsys_2019/course_lib/ParameterTuning/SearchAbstractClass.py", line 229, in _fit_model
    **current_fit_parameters)
TypeError: fit() got an unexpected keyword argument 'alpha'

SearchBayesianSkopt: Config 37 Exception. Config: {'topK': 759, 'alpha': 0.9762732515284847, 'normalize_similarity': True} - Exception: Traceback (most recent call last):
  File "/Users/tangtang.zhou/Documents/GitHubProjects/recsys_2019/course_lib/ParameterTuning/SearchAbstractClass.py", line 335, in _objective_function
    current_fit_parameters_dict)
  File "/Users/tangtang.zhou/Documents/GitHubProjects/recsys_2019/course_lib/ParameterTuning/SearchAbstractClass.py", line 237, in _evaluate_on_validation
    recommender_instance, train_time = self._fit_model(current_fit_parameters)
  File "/Users/tangtang.zhou/Documents/GitHubProjects/recsys_2019/course_lib/ParameterTuning/SearchAbstractClass.py", line 229, in _fit_model
    **current_fit_parameters)
TypeError: fit() got an unexpected keyword argument 'alpha'

SearchBayesianSkopt: Config 38 Exception. Config: {'topK': 644, 'alpha': 1.0139958147510049, 'normalize_similarity': False} - Exception: Traceback (most recent call last):
  File "/Users/tangtang.zhou/Documents/GitHubProjects/recsys_2019/course_lib/ParameterTuning/SearchAbstractClass.py", line 335, in _objective_function
    current_fit_parameters_dict)
  File "/Users/tangtang.zhou/Documents/GitHubProjects/recsys_2019/course_lib/ParameterTuning/SearchAbstractClass.py", line 237, in _evaluate_on_validation
    recommender_instance, train_time = self._fit_model(current_fit_parameters)
  File "/Users/tangtang.zhou/Documents/GitHubProjects/recsys_2019/course_lib/ParameterTuning/SearchAbstractClass.py", line 229, in _fit_model
    **current_fit_parameters)
TypeError: fit() got an unexpected keyword argument 'alpha'

SearchBayesianSkopt: Config 39 Exception. Config: {'topK': 138, 'alpha': 0.3229719677478258, 'normalize_similarity': True} - Exception: Traceback (most recent call last):
  File "/Users/tangtang.zhou/Documents/GitHubProjects/recsys_2019/course_lib/ParameterTuning/SearchAbstractClass.py", line 335, in _objective_function
    current_fit_parameters_dict)
  File "/Users/tangtang.zhou/Documents/GitHubProjects/recsys_2019/course_lib/ParameterTuning/SearchAbstractClass.py", line 237, in _evaluate_on_validation
    recommender_instance, train_time = self._fit_model(current_fit_parameters)
  File "/Users/tangtang.zhou/Documents/GitHubProjects/recsys_2019/course_lib/ParameterTuning/SearchAbstractClass.py", line 229, in _fit_model
    **current_fit_parameters)
TypeError: fit() got an unexpected keyword argument 'alpha'

SearchBayesianSkopt: Config 40 Exception. Config: {'topK': 7, 'alpha': 1.9879835115392268, 'normalize_similarity': True} - Exception: Traceback (most recent call last):
  File "/Users/tangtang.zhou/Documents/GitHubProjects/recsys_2019/course_lib/ParameterTuning/SearchAbstractClass.py", line 335, in _objective_function
    current_fit_parameters_dict)
  File "/Users/tangtang.zhou/Documents/GitHubProjects/recsys_2019/course_lib/ParameterTuning/SearchAbstractClass.py", line 237, in _evaluate_on_validation
    recommender_instance, train_time = self._fit_model(current_fit_parameters)
  File "/Users/tangtang.zhou/Documents/GitHubProjects/recsys_2019/course_lib/ParameterTuning/SearchAbstractClass.py", line 229, in _fit_model
    **current_fit_parameters)
TypeError: fit() got an unexpected keyword argument 'alpha'

