SearchBayesianSkopt: Config 0 Exception. Config: {'learning_rate': 0.002830455644749639, 'min_gain_to_split': 0.0007112414066772255, 'reg_l1': 3.2036052823824265e-06, 'reg_l2': 5.716539942176444, 'max_depth': 67, 'min_data_in_leaf': 47, 'bagging_freq': 60, 'num_leaves': 390, 'bagging_fraction': 0.13339551051862897, 'feature_fraction': 0.4763861715106505} - Exception: Traceback (most recent call last):
  File "/Users/tangtang.zhou/Documents/GitHubProjects/recsys_2019/course_lib/ParameterTuning/SearchAbstractClass.py", line 335, in _objective_function
    current_fit_parameters_dict)
  File "/Users/tangtang.zhou/Documents/GitHubProjects/recsys_2019/course_lib/ParameterTuning/SearchAbstractClass.py", line 237, in _evaluate_on_validation
    recommender_instance, train_time = self._fit_model(current_fit_parameters)
  File "/Users/tangtang.zhou/Documents/GitHubProjects/recsys_2019/course_lib/ParameterTuning/SearchAbstractClass.py", line 229, in _fit_model
    **current_fit_parameters)
  File "/Users/tangtang.zhou/Documents/GitHubProjects/recsys_2019/src/model/Ensemble/Boosting/LightGBMRecommender.py", line 56, in fit
    verbose_eval=verbose)
  File "/Users/tangtang.zhou/anaconda3/envs/recsys/lib/python3.6/site-packages/lightgbm/engine.py", line 232, in train
    booster.add_valid(valid_set, name_valid_set)
  File "/Users/tangtang.zhou/anaconda3/envs/recsys/lib/python3.6/site-packages/lightgbm/basic.py", line 1895, in add_valid
    data.construct().handle))
  File "/Users/tangtang.zhou/anaconda3/envs/recsys/lib/python3.6/site-packages/lightgbm/basic.py", line 1053, in construct
    silent=self.silent, feature_name=self.feature_name, params=self.params)
  File "/Users/tangtang.zhou/anaconda3/envs/recsys/lib/python3.6/site-packages/lightgbm/basic.py", line 915, in _lazy_init
    return self.set_feature_name(feature_name)
  File "/Users/tangtang.zhou/anaconda3/envs/recsys/lib/python3.6/site-packages/lightgbm/basic.py", line 1363, in set_feature_name
    .format(len(feature_name), self.num_feature()))
ValueError: Length of feature_name(124) and num_feature(123) don't match

